<?xml version="1.0" encoding="UTF-8"?>
<!-- Generated by org.testng.reporters.JUnitReportReporter -->
<testsuite hostname="LAPTOP-3BL16AQ1" failures="0" tests="3" name="TestNG.LoginOrangeHRM_Chrome" time="3.104" errors="0" timestamp="2023-01-24T07:55:23 IST" skipped="0">
  <testcase classname="TestNG.LoginOrangeHRM_Chrome" name="enterUserName" time="0.857"/>
  <system-out/>
  <testcase classname="TestNG.LoginOrangeHRM_Chrome" name="enterPassword" time="0.237"/>
  <system-out/>
  <testcase classname="TestNG.LoginOrangeHRM_Chrome" name="clickLogin" time="2.010"/>
  <system-out/>
</testsuite> <!-- TestNG.LoginOrangeHRM_Chrome -->
