<?xml version="1.0" encoding="UTF-8"?>
<!-- Generated by org.testng.reporters.JUnitReportReporter -->
<testsuite hostname="LAPTOP-3BL16AQ1" failures="0" tests="3" name="TestNgAttributes.Timeouts_Attribute" time="2.761" errors="0" timestamp="2023-01-24T08:08:31 IST" skipped="0">
  <testcase classname="TestNgAttributes.Timeouts_Attribute" name="enterUserName" time="0.720"/>
  <system-out/>
  <testcase classname="TestNgAttributes.Timeouts_Attribute" name="enterPassword" time="0.393"/>
  <system-out/>
  <testcase classname="TestNgAttributes.Timeouts_Attribute" name="clickLogin" time="1.648"/>
  <system-out/>
</testsuite> <!-- TestNgAttributes.Timeouts_Attribute -->
