<?xml version="1.0" encoding="UTF-8"?>
<!-- Generated by org.testng.reporters.JUnitReportReporter -->
<testsuite hostname="LAPTOP-3BL16AQ1" failures="0" tests="1" name="TestNgScreenshots.TestNGExample_Screenshot_DynamicWay" time="0.678" errors="0" timestamp="2023-01-25T20:12:12 IST" skipped="0">
  <testcase classname="TestNgScreenshots.TestNGExample_Screenshot_DynamicWay" name="enterUsername" time="0.678"/>
  <system-out/>
</testsuite> <!-- TestNgScreenshots.TestNGExample_Screenshot_DynamicWay -->
