<?xml version="1.0" encoding="UTF-8"?>
<!-- Generated by org.testng.reporters.JUnitReportReporter -->
<testsuite hostname="LAPTOP-3BL16AQ1" failures="0" tests="3" name="TestNgScreenshots.LoginOrangeHRMWithScreenshots" time="3.665" errors="0" timestamp="2023-01-26T07:59:38 IST" skipped="0">
  <testcase classname="TestNgScreenshots.LoginOrangeHRMWithScreenshots" name="enterUserName" time="1.337"/>
  <system-out/>
  <testcase classname="TestNgScreenshots.LoginOrangeHRMWithScreenshots" name="enterPassword" time="0.494"/>
  <system-out/>
  <testcase classname="TestNgScreenshots.LoginOrangeHRMWithScreenshots" name="clickLogin" time="1.834"/>
  <system-out/>
</testsuite> <!-- TestNgScreenshots.LoginOrangeHRMWithScreenshots -->
