<?xml version="1.0" encoding="UTF-8"?>
<!-- Generated by org.testng.reporters.JUnitReportReporter -->
<testsuite hostname="LAPTOP-3BL16AQ1" failures="0" tests="3" name="TestNgAttributes.Priority_Attribute" time="3.063" errors="0" timestamp="2023-01-24T08:00:06 IST" skipped="0">
  <testcase classname="TestNgAttributes.Priority_Attribute" name="enterUserName" time="1.351"/>
  <system-out/>
  <testcase classname="TestNgAttributes.Priority_Attribute" name="enterPassword" time="0.386"/>
  <system-out/>
  <testcase classname="TestNgAttributes.Priority_Attribute" name="clickLogin" time="1.326"/>
  <system-out/>
</testsuite> <!-- TestNgAttributes.Priority_Attribute -->
