<?xml version="1.0" encoding="UTF-8"?>
<!-- Generated by org.testng.reporters.JUnitReportReporter -->
<testsuite hostname="LAPTOP-3BL16AQ1" failures="0" tests="3" name="TestNgAttributes.DependsOnMethods_Attribute" time="3.156" errors="0" timestamp="2023-01-24T08:05:20 IST" skipped="0">
  <testcase classname="TestNgAttributes.DependsOnMethods_Attribute" name="enterPassword" time="0.264"/>
  <system-out/>
  <testcase classname="TestNgAttributes.DependsOnMethods_Attribute" name="clickLogin" time="1.607"/>
  <system-out/>
  <testcase classname="TestNgAttributes.DependsOnMethods_Attribute" name="enterUserName" time="1.285"/>
  <system-out/>
</testsuite> <!-- TestNgAttributes.DependsOnMethods_Attribute -->
