<?xml version="1.0" encoding="UTF-8"?>
<!-- Generated by org.testng.reporters.JUnitReportReporter -->
<testsuite hostname="LAPTOP-3BL16AQ1" failures="0" tests="3" name="Tests.LoginTest" time="1.881" errors="0" timestamp="2023-01-27T07:49:14 IST" skipped="0">
  <testcase classname="Tests.LoginTest" name="enterUserName" time="1.154"/>
  <system-out/>
  <testcase classname="Tests.LoginTest" name="enterPassword" time="0.369"/>
  <system-out/>
  <testcase classname="Tests.LoginTest" name="clickLogin" time="0.358"/>
  <system-out/>
</testsuite> <!-- Tests.LoginTest -->
