<?xml version="1.0" encoding="UTF-8"?>
<!-- Generated by org.testng.reporters.JUnitReportReporter -->
<testsuite hostname="LAPTOP-3BL16AQ1" failures="0" tests="3" name="Tests.FogotPasswordTest" time="3.851" errors="0" timestamp="2023-01-27T08:01:20 IST" skipped="0">
  <testcase classname="Tests.FogotPasswordTest" name="c" time="2.234"/>
  <system-out/>
  <testcase classname="Tests.FogotPasswordTest" name="enterusername" time="0.618"/>
  <system-out/>
  <testcase classname="Tests.FogotPasswordTest" name="clickCancel" time="0.999"/>
  <system-out/>
</testsuite> <!-- Tests.FogotPasswordTest -->
