<?xml version="1.0" encoding="UTF-8"?>
<!-- Generated by org.testng.reporters.JUnitReportReporter -->
<testsuite hostname="LAPTOP-3BL16AQ1" failures="0" tests="2" name="TestNG.FirstClassInTestNG" time="0.941" errors="0" timestamp="2023-01-24T07:55:23 IST" skipped="0">
  <testcase classname="TestNG.FirstClassInTestNG" name="enterTextToTheWikipedia" time="0.611"/>
  <system-out/>
  <testcase classname="TestNG.FirstClassInTestNG" name="clickDate" time="0.330"/>
  <system-out/>
</testsuite> <!-- TestNG.FirstClassInTestNG -->
