<?xml version="1.0" encoding="UTF-8"?>
<!-- Generated by org.testng.reporters.JUnitReportReporter -->
<testsuite hostname="LAPTOP-3BL16AQ1" failures="0" tests="3" name="SeleniumListeners.LoginOrangeHRMWithScreenshotsAndListeners" time="4.578" errors="0" timestamp="2023-01-26T08:10:30 IST" skipped="0">
  <testcase classname="SeleniumListeners.LoginOrangeHRMWithScreenshotsAndListeners" name="enterUserName" time="1.862"/>
  <system-out/>
  <testcase classname="SeleniumListeners.LoginOrangeHRMWithScreenshotsAndListeners" name="enterPassword" time="0.474"/>
  <system-out/>
  <testcase classname="SeleniumListeners.LoginOrangeHRMWithScreenshotsAndListeners" name="clickLogin" time="2.242"/>
  <system-out/>
</testsuite> <!-- SeleniumListeners.LoginOrangeHRMWithScreenshotsAndListeners -->
