<?xml version="1.0" encoding="UTF-8"?>
<!-- Generated by org.testng.reporters.JUnitReportReporter -->
<testsuite hostname="LAPTOP-3BL16AQ1" failures="0" tests="3" name="TestNG.TestNGDataProviders" time="2.278" errors="0" timestamp="2023-01-25T07:45:42 IST" skipped="0">
  <testcase classname="TestNG.TestNGDataProviders" name="enterCredentials" time="1.236"/>
  <system-out/>
  <testcase classname="TestNG.TestNGDataProviders" name="enterCredentials" time="0.573"/>
  <system-out/>
  <testcase classname="TestNG.TestNGDataProviders" name="enterCredentials" time="0.469"/>
  <system-out/>
</testsuite> <!-- TestNG.TestNGDataProviders -->
