<?xml version="1.0" encoding="UTF-8"?>
<!-- Generated by org.testng.reporters.JUnitReportReporter -->
<testsuite hostname="LAPTOP-3BL16AQ1" failures="0" tests="3" name="TestNG.LoginOrangeHRM" time="4.129" errors="0" timestamp="2023-01-24T07:55:23 IST" skipped="0">
  <testcase classname="TestNG.LoginOrangeHRM" name="enterUserName" time="1.128"/>
  <system-out/>
  <testcase classname="TestNG.LoginOrangeHRM" name="enterPassword" time="0.352"/>
  <system-out/>
  <testcase classname="TestNG.LoginOrangeHRM" name="clickLogin" time="2.649"/>
  <system-out/>
</testsuite> <!-- TestNG.LoginOrangeHRM -->
