<?xml version="1.0" encoding="UTF-8"?>
<!-- Generated by org.testng.reporters.JUnitReportReporter -->
<testsuite hostname="LAPTOP-3BL16AQ1" failures="0" tests="3" name="TestNgAttributes.LoginOrangeHRM" time="2.602" errors="0" timestamp="2023-01-24T07:59:01 IST" skipped="0">
  <testcase classname="TestNgAttributes.LoginOrangeHRM" name="enterUserName" time="0.816"/>
  <system-out/>
  <testcase classname="TestNgAttributes.LoginOrangeHRM" name="enterPassword" time="0.401"/>
  <system-out/>
  <testcase classname="TestNgAttributes.LoginOrangeHRM" name="clickLogin" time="1.385"/>
  <system-out/>
</testsuite> <!-- TestNgAttributes.LoginOrangeHRM -->
