<?xml version="1.0" encoding="UTF-8"?>
<!-- Generated by org.testng.reporters.JUnitReportReporter -->
<testsuite hostname="LAPTOP-3BL16AQ1" failures="0" tests="5" name="Tests.LoginAndLogoutPage" time="28.112" errors="0" timestamp="2023-01-27T08:21:12 IST" skipped="0">
  <testcase classname="Tests.LoginAndLogoutPage" name="enterUserName" time="1.306"/>
  <system-out/>
  <testcase classname="Tests.LoginAndLogoutPage" name="enterPassword" time="0.473"/>
  <system-out/>
  <testcase classname="Tests.LoginAndLogoutPage" name="clickLogin" time="1.923"/>
  <system-out/>
  <testcase classname="Tests.LoginAndLogoutPage" name="clickPaul" time="10.342"/>
  <system-out/>
  <testcase classname="Tests.LoginAndLogoutPage" name="clickLogout" time="14.068"/>
  <system-out/>
</testsuite> <!-- Tests.LoginAndLogoutPage -->
