<?xml version="1.0" encoding="UTF-8"?>
<!-- Generated by org.testng.reporters.JUnitReportReporter -->
<testsuite hostname="LAPTOP-3BL16AQ1" failures="0" tests="3" name="TestNgAttributes.Enabled_Attribute" time="2.670" errors="0" timestamp="2023-01-24T08:02:11 IST" skipped="0">
  <testcase classname="TestNgAttributes.Enabled_Attribute" name="enterUserName" time="0.889"/>
  <system-out/>
  <testcase classname="TestNgAttributes.Enabled_Attribute" name="enterPassword" time="0.174"/>
  <system-out/>
  <testcase classname="TestNgAttributes.Enabled_Attribute" name="clickLogin" time="1.607"/>
  <system-out/>
</testsuite> <!-- TestNgAttributes.Enabled_Attribute -->
